Microcode detected by n64js: RSP SW Version: 2.0D, 04-01-96(80339d30) -> F3D
Microcode detected by n64js: RSP SW Version: 2.0D, 04-01-96(80339d30) -> F3D
Analyzing 2 sequence header candidates...
  Candidate 0x0057B720: Rev 1, 38 sequences
  Candidate 0x03E00000: Rev 3, 70 sequences
Extracting sounds (ctl=0x0057B720, tbl=0x00593560)
Selected best sequence header at 0x03E00000 with 70 sequences.
Stored 69 sequences for deferred write.
Loaded 2362 display lists from database
Loaded 428 geo layouts from database
DEBUG: UNRECOGNISED GEO OP FF at 0x00603670
Processing level: bbh
WARNING: Hit end of buffer at 0x160020A8
Processing level: ccm
Processing level: castle_inside
Processing level: hmc
Processing level: ssl
Processing level: bob
Processing level: sl
Processing level: wdw
Processing level: jrb
Processing level: thi
Processing level: ttc
Processing level: rr
Processing level: castle_grounds
Processing level: bitdw
Processing level: vcutm
Processing level: bitfs
Processing level: sa
Processing level: bits
Processing level: lll
Processing level: ddd
Processing level: wf
Processing level: ending
Processing level: castle_courtyard
Processing level: pss
Processing level: cotmc
Processing level: totwc
Processing level: bowser_1
Processing level: wmotr
Processing level: bowser_2
Processing level: bowser_3
Processing level: ttm
Writing files to output directory...
Wrote 69 sequences and music.lua.

=== Level Script Parse summary ===
commands parsed: 9265
command errors: 2
command success: 99.98%
scripts parsed: 0
scripts with errors: 0
script success: 100.00%
